<?xml version="1.0" encoding="UTF-8"?>
<testng-results skipped="0" failed="1" ignored="0" total="2" passed="1">
  <reporter-output>
  </reporter-output>
  <suite name="Default suite" duration-ms="33662" started-at="2018-12-29T13:44:07Z" finished-at="2018-12-29T13:44:41Z">
    <groups>
      <group name="cucumber">
        <method signature="AbstractTestNGCucumberTests.runScenario(cucumber.api.testng.PickleEventWrapper, cucumber.api.testng.CucumberFeatureWrapper)[pri:0, instance:stepdefinition.TestRunner@3cef309d]" name="runScenario" class="cucumber.api.testng.AbstractTestNGCucumberTests"/>
      </group> <!-- cucumber -->
    </groups>
    <test name="Default test" duration-ms="33662" started-at="2018-12-29T13:44:07Z" finished-at="2018-12-29T13:44:41Z">
      <class name="stepdefinition.TestRunner">
        <test-method status="PASS" signature="setUpClass()[pri:0, instance:stepdefinition.TestRunner@3cef309d]" name="setUpClass" is-config="true" duration-ms="443" started-at="2018-12-29T13:44:07Z" finished-at="2018-12-29T13:44:08Z">
          <reporter-output>
          </reporter-output>
        </test-method> <!-- setUpClass -->
        <test-method status="PASS" signature="runScenario(cucumber.api.testng.PickleEventWrapper, cucumber.api.testng.CucumberFeatureWrapper)[pri:0, instance:stepdefinition.TestRunner@3cef309d]" name="runScenario" duration-ms="20151" started-at="2018-12-29T13:44:08Z" description="Runs Cucumber Scenarios" data-provider="scenarios" finished-at="2018-12-29T13:44:28Z">
          <params>
            <param index="0">
              <value>
                <![CDATA["Login with valid credentials"]]>
              </value>
            </param>
            <param index="1">
              <value>
                <![CDATA["Login functionality"]]>
              </value>
            </param>
          </params>
          <reporter-output>
          </reporter-output>
        </test-method> <!-- runScenario -->
        <test-method status="FAIL" signature="runScenario(cucumber.api.testng.PickleEventWrapper, cucumber.api.testng.CucumberFeatureWrapper)[pri:0, instance:stepdefinition.TestRunner@3cef309d]" name="runScenario" duration-ms="12587" started-at="2018-12-29T13:44:28Z" description="Runs Cucumber Scenarios" data-provider="scenarios" finished-at="2018-12-29T13:44:40Z">
          <params>
            <param index="0">
              <value>
                <![CDATA["Register with User details"]]>
              </value>
            </param>
            <param index="1">
              <value>
                <![CDATA["Register User"]]>
              </value>
            </param>
          </params>
          <exception class="java.lang.AssertionError">
            <message>
              <![CDATA[The following asserts failed:
expected [true] but found [false],
expected [true] but found [false]]]>
            </message>
            <full-stacktrace>
              <![CDATA[java.lang.AssertionError: The following asserts failed:
expected [true] but found [false],
expected [true] but found [false]
at org.testng.asserts.SoftAssert.assertAll(SoftAssert.java:43)
at stepdefinition.TestRegister.My_Account_Register(TestRegister.java:102)
at âœ½.user should be created and should be on the "My Account" page on URL "https://www.phptravels.net/account/"(src/test/resources/Feature/Register.feature:16)
]]>
            </full-stacktrace>
          </exception> <!-- java.lang.AssertionError -->
          <reporter-output>
          </reporter-output>
        </test-method> <!-- runScenario -->
        <test-method status="PASS" signature="tearDownClass()[pri:0, instance:stepdefinition.TestRunner@3cef309d]" name="tearDownClass" is-config="true" duration-ms="354" started-at="2018-12-29T13:44:40Z" finished-at="2018-12-29T13:44:41Z">
          <reporter-output>
          </reporter-output>
        </test-method> <!-- tearDownClass -->
      </class> <!-- stepdefinition.TestRunner -->
    </test> <!-- Default test -->
  </suite> <!-- Default suite -->
</testng-results>
