<?xml version="1.0" encoding="UTF-8"?>
<!-- Generated by org.testng.reporters.JUnitReportReporter -->
<testsuite skipped="0" hostname="Jai-PC" name="stepdefinition.TestRunner" tests="2" failures="1" timestamp="29 Dec 2018 13:44:41 GMT" time="32.738" errors="0">
  <testcase name="runScenario" time="12.587" classname="stepdefinition.TestRunner">
    <failure type="java.lang.AssertionError" message="The following asserts failed:
	expected [true] but found [false],
	expected [true] but found [false]">
      <![CDATA[java.lang.AssertionError: The following asserts failed:
expected [true] but found [false],
expected [true] but found [false]
at org.testng.asserts.SoftAssert.assertAll(SoftAssert.java:43)
at stepdefinition.TestRegister.My_Account_Register(TestRegister.java:102)
at âœ½.user should be created and should be on the "My Account" page on URL "https://www.phptravels.net/account/"(src/test/resources/Feature/Register.feature:16)
]]>
    </failure>
  </testcase> <!-- runScenario -->
  <testcase name="runScenario" time="20.151" classname="stepdefinition.TestRunner"/>
</testsuite> <!-- stepdefinition.TestRunner -->
